[    1360ms] [ERROR] Permissions policy violation: accelerometer is not allowed in this document. @ https://idam.metro.ro/MSbVtf/Gt1/g0o/hDNPzBsN/7DE7JLh3iYXYNGSOXu/fiIGKFw/chY2XmpI/Kn0B:0
[    1360ms] [WARNING] The deviceorientation events are blocked by permissions policy. See https://github.com/w3c/webappsec-permissions-policy/blob/master/features.md#sensor-features @ https://idam.metro.ro/MSbVtf/Gt1/g0o/hDNPzBsN/7DE7JLh3iYXYNGSOXu/fiIGKFw/chY2XmpI/Kn0B:0
[    1360ms] [ERROR] Permissions policy violation: accelerometer is not allowed in this document. @ https://idam.metro.ro/MSbVtf/Gt1/g0o/hDNPzBsN/7DE7JLh3iYXYNGSOXu/fiIGKFw/chY2XmpI/Kn0B:0
[    1360ms] [WARNING] The devicemotion events are blocked by permissions policy. See https://github.com/w3c/webappsec-permissions-policy/blob/master/features.md#sensor-features @ https://idam.metro.ro/MSbVtf/Gt1/g0o/hDNPzBsN/7DE7JLh3iYXYNGSOXu/fiIGKFw/chY2XmpI/Kn0B:0
[    1651ms] [WARNING] silent auth failed with error  ErrorResponse: can not authenticate without user interaction
    at R._processSigninState (https://shop.metro.ro/ordercapture/uidispatcher/static/app/7620.ab953315bf2465670012.js:13:29719)
    at R.validateSigninResponse (https://shop.metro.ro/ordercapture/uidispatcher/static/app/7620.ab953315bf2465670012.js:13:27829)
    at W.processSigninResponse (https://shop.metro.ro/ordercapture/uidispatcher/static/app/7620.ab953315bf2465670012.js:13:40527)
    at async t._signinEnd (https://shop.metro.ro/ordercapture/uidispatcher/static/app/7620.ab953315bf2465670012.js:13:65028)
    at async t._signin (https://shop.metro.ro/ordercapture/uidispatcher/static/app/7620.ab953315bf2465670012.js:13:64546)
    at async t.signinSilent (https://shop.metro.ro/ordercapture/uidispatcher/static/app/7620.ab953315bf2465670012.js:13:61960) @ https://shop.metro.ro/ordercapture/uidispatcher/static/app/__federation_expose_UidispatcherApiModule.f2f1d950d1254f2abc3e.js:0
[   76930ms] [ERROR] Permissions policy violation: accelerometer is not allowed in this document. @ https://idam.metro.ro/MSbVtf/Gt1/g0o/hDNPzBsN/7DE7JLh3iYXYNGSOXu/fiIGKFw/chY2XmpI/Kn0B:0
[   76930ms] [WARNING] The deviceorientation events are blocked by permissions policy. See https://github.com/w3c/webappsec-permissions-policy/blob/master/features.md#sensor-features @ https://idam.metro.ro/MSbVtf/Gt1/g0o/hDNPzBsN/7DE7JLh3iYXYNGSOXu/fiIGKFw/chY2XmpI/Kn0B:0
[   76930ms] [ERROR] Permissions policy violation: accelerometer is not allowed in this document. @ https://idam.metro.ro/MSbVtf/Gt1/g0o/hDNPzBsN/7DE7JLh3iYXYNGSOXu/fiIGKFw/chY2XmpI/Kn0B:0
[   76930ms] [WARNING] The devicemotion events are blocked by permissions policy. See https://github.com/w3c/webappsec-permissions-policy/blob/master/features.md#sensor-features @ https://idam.metro.ro/MSbVtf/Gt1/g0o/hDNPzBsN/7DE7JLh3iYXYNGSOXu/fiIGKFw/chY2XmpI/Kn0B:0
[   76934ms] [ERROR] Refused to execute inline event handler because it violates the following Content Security Policy directive: "script-src-attr 'none'". Either the 'unsafe-inline' keyword, a hash ('sha256-...'), or a nonce ('nonce-...') is required to enable inline execution. Note that hashes do not apply to event handlers, style attributes and javascript: navigations unless the 'unsafe-hashes' keyword is present.
 @ https://noi.metro.ro/signup/credentials?_gl=1*1cw0ooi*_gcl_au*MTU1MjU5MTgxNS4xNzcxMzA0MjEz*_ga*MzkzNTAzMzY4LjE3NzEzMDQyMTM.*_ga_3Q0YZ3NV1K*czE3NzEzMDQyMTMkbzEkZzAkdDE3NzEzMDQyMTMkajYwJGwwJGgw:87
[   76930ms] [ERROR] Permissions policy violation: accelerometer is not allowed in this document. @ https://idam.metro.ro/MSbVtf/Gt1/g0o/hDNPzBsN/7DE7JLh3iYXYNGSOXu/fiIGKFw/chY2XmpI/Kn0B:0
[   76930ms] [WARNING] The deviceorientation events are blocked by permissions policy. See https://github.com/w3c/webappsec-permissions-policy/blob/master/features.md#sensor-features @ https://idam.metro.ro/MSbVtf/Gt1/g0o/hDNPzBsN/7DE7JLh3iYXYNGSOXu/fiIGKFw/chY2XmpI/Kn0B:0
[   76930ms] [ERROR] Permissions policy violation: accelerometer is not allowed in this document. @ https://idam.metro.ro/MSbVtf/Gt1/g0o/hDNPzBsN/7DE7JLh3iYXYNGSOXu/fiIGKFw/chY2XmpI/Kn0B:0
[   76930ms] [WARNING] The devicemotion events are blocked by permissions policy. See https://github.com/w3c/webappsec-permissions-policy/blob/master/features.md#sensor-features @ https://idam.metro.ro/MSbVtf/Gt1/g0o/hDNPzBsN/7DE7JLh3iYXYNGSOXu/fiIGKFw/chY2XmpI/Kn0B:0
[   76968ms] [ERROR] Permissions policy violation: accelerometer is not allowed in this document. @ https://idam.metro.ro/MSbVtf/Gt1/g0o/hDNPzBsN/7DE7JLh3iYXYNGSOXu/fiIGKFw/chY2XmpI/Kn0B:0
[   76968ms] [WARNING] The deviceorientation events are blocked by permissions policy. See https://github.com/w3c/webappsec-permissions-policy/blob/master/features.md#sensor-features @ https://idam.metro.ro/MSbVtf/Gt1/g0o/hDNPzBsN/7DE7JLh3iYXYNGSOXu/fiIGKFw/chY2XmpI/Kn0B:0
[   76969ms] [ERROR] Permissions policy violation: accelerometer is not allowed in this document. @ https://idam.metro.ro/MSbVtf/Gt1/g0o/hDNPzBsN/7DE7JLh3iYXYNGSOXu/fiIGKFw/chY2XmpI/Kn0B:0
[   76969ms] [WARNING] The devicemotion events are blocked by permissions policy. See https://github.com/w3c/webappsec-permissions-policy/blob/master/features.md#sensor-features @ https://idam.metro.ro/MSbVtf/Gt1/g0o/hDNPzBsN/7DE7JLh3iYXYNGSOXu/fiIGKFw/chY2XmpI/Kn0B:0
[   76970ms] [ERROR] Refused to execute inline event handler because it violates the following Content Security Policy directive: "script-src-attr 'none'". Either the 'unsafe-inline' keyword, a hash ('sha256-...'), or a nonce ('nonce-...') is required to enable inline execution. Note that hashes do not apply to event handlers, style attributes and javascript: navigations unless the 'unsafe-hashes' keyword is present.
 @ https://noi.metro.ro/signup/credentials?_gl=1*1cw0ooi*_gcl_au*MTU1MjU5MTgxNS4xNzcxMzA0MjEz*_ga*MzkzNTAzMzY4LjE3NzEzMDQyMTM.*_ga_3Q0YZ3NV1K*czE3NzEzMDQyMTMkbzEkZzAkdDE3NzEzMDQyMTMkajYwJGwwJGgw:87
[   76930ms] [ERROR] Permissions policy violation: accelerometer is not allowed in this document. @ https://idam.metro.ro/MSbVtf/Gt1/g0o/hDNPzBsN/7DE7JLh3iYXYNGSOXu/fiIGKFw/chY2XmpI/Kn0B:0
[   76930ms] [WARNING] The deviceorientation events are blocked by permissions policy. See https://github.com/w3c/webappsec-permissions-policy/blob/master/features.md#sensor-features @ https://idam.metro.ro/MSbVtf/Gt1/g0o/hDNPzBsN/7DE7JLh3iYXYNGSOXu/fiIGKFw/chY2XmpI/Kn0B:0
[   76930ms] [ERROR] Permissions policy violation: accelerometer is not allowed in this document. @ https://idam.metro.ro/MSbVtf/Gt1/g0o/hDNPzBsN/7DE7JLh3iYXYNGSOXu/fiIGKFw/chY2XmpI/Kn0B:0
[   76930ms] [WARNING] The devicemotion events are blocked by permissions policy. See https://github.com/w3c/webappsec-permissions-policy/blob/master/features.md#sensor-features @ https://idam.metro.ro/MSbVtf/Gt1/g0o/hDNPzBsN/7DE7JLh3iYXYNGSOXu/fiIGKFw/chY2XmpI/Kn0B:0
[   76968ms] [ERROR] Permissions policy violation: accelerometer is not allowed in this document. @ https://idam.metro.ro/MSbVtf/Gt1/g0o/hDNPzBsN/7DE7JLh3iYXYNGSOXu/fiIGKFw/chY2XmpI/Kn0B:0
[   76968ms] [WARNING] The deviceorientation events are blocked by permissions policy. See https://github.com/w3c/webappsec-permissions-policy/blob/master/features.md#sensor-features @ https://idam.metro.ro/MSbVtf/Gt1/g0o/hDNPzBsN/7DE7JLh3iYXYNGSOXu/fiIGKFw/chY2XmpI/Kn0B:0
[   76969ms] [ERROR] Permissions policy violation: accelerometer is not allowed in this document. @ https://idam.metro.ro/MSbVtf/Gt1/g0o/hDNPzBsN/7DE7JLh3iYXYNGSOXu/fiIGKFw/chY2XmpI/Kn0B:0
[   76969ms] [WARNING] The devicemotion events are blocked by permissions policy. See https://github.com/w3c/webappsec-permissions-policy/blob/master/features.md#sensor-features @ https://idam.metro.ro/MSbVtf/Gt1/g0o/hDNPzBsN/7DE7JLh3iYXYNGSOXu/fiIGKFw/chY2XmpI/Kn0B:0
[   77075ms] [ERROR] Permissions policy violation: accelerometer is not allowed in this document. @ https://idam.metro.ro/MSbVtf/Gt1/g0o/hDNPzBsN/7DE7JLh3iYXYNGSOXu/fiIGKFw/chY2XmpI/Kn0B:0
[   77075ms] [WARNING] The deviceorientation events are blocked by permissions policy. See https://github.com/w3c/webappsec-permissions-policy/blob/master/features.md#sensor-features @ https://idam.metro.ro/MSbVtf/Gt1/g0o/hDNPzBsN/7DE7JLh3iYXYNGSOXu/fiIGKFw/chY2XmpI/Kn0B:0
[   77075ms] [ERROR] Permissions policy violation: accelerometer is not allowed in this document. @ https://idam.metro.ro/MSbVtf/Gt1/g0o/hDNPzBsN/7DE7JLh3iYXYNGSOXu/fiIGKFw/chY2XmpI/Kn0B:0
[   77075ms] [WARNING] The devicemotion events are blocked by permissions policy. See https://github.com/w3c/webappsec-permissions-policy/blob/master/features.md#sensor-features @ https://idam.metro.ro/MSbVtf/Gt1/g0o/hDNPzBsN/7DE7JLh3iYXYNGSOXu/fiIGKFw/chY2XmpI/Kn0B:0
[   77964ms] [ERROR] Refused to create a worker from 'blob:https://idam.metro.ro/f1e15151-0c19-48b5-ba41-ff648a7cc978' because it violates the following Content Security Policy directive: "child-src 'self'". Note that 'worker-src' was not explicitly set, so 'child-src' is used as a fallback.
 @ https://idam.metro.ro/MSbVtf/Gt1/g0o/hDNPzBsN/7DE7JLh3iYXYNGSOXu/fiIGKFw/chY2XmpI/Kn0B:0
[   78005ms] [ERROR] Refused to create a worker from 'blob:https://idam.metro.ro/9e472e8c-c3ef-4b70-83f1-13fd48bfdb7c' because it violates the following Content Security Policy directive: "child-src 'self'". Note that 'worker-src' was not explicitly set, so 'child-src' is used as a fallback.
 @ https://idam.metro.ro/MSbVtf/Gt1/g0o/hDNPzBsN/7DE7JLh3iYXYNGSOXu/fiIGKFw/chY2XmpI/Kn0B:0
[   76930ms] [ERROR] Permissions policy violation: accelerometer is not allowed in this document. @ https://idam.metro.ro/MSbVtf/Gt1/g0o/hDNPzBsN/7DE7JLh3iYXYNGSOXu/fiIGKFw/chY2XmpI/Kn0B:0
[   76930ms] [WARNING] The deviceorientation events are blocked by permissions policy. See https://github.com/w3c/webappsec-permissions-policy/blob/master/features.md#sensor-features @ https://idam.metro.ro/MSbVtf/Gt1/g0o/hDNPzBsN/7DE7JLh3iYXYNGSOXu/fiIGKFw/chY2XmpI/Kn0B:0
[   76930ms] [ERROR] Permissions policy violation: accelerometer is not allowed in this document. @ https://idam.metro.ro/MSbVtf/Gt1/g0o/hDNPzBsN/7DE7JLh3iYXYNGSOXu/fiIGKFw/chY2XmpI/Kn0B:0
[   76930ms] [WARNING] The devicemotion events are blocked by permissions policy. See https://github.com/w3c/webappsec-permissions-policy/blob/master/features.md#sensor-features @ https://idam.metro.ro/MSbVtf/Gt1/g0o/hDNPzBsN/7DE7JLh3iYXYNGSOXu/fiIGKFw/chY2XmpI/Kn0B:0
[   76968ms] [ERROR] Permissions policy violation: accelerometer is not allowed in this document. @ https://idam.metro.ro/MSbVtf/Gt1/g0o/hDNPzBsN/7DE7JLh3iYXYNGSOXu/fiIGKFw/chY2XmpI/Kn0B:0
[   76968ms] [WARNING] The deviceorientation events are blocked by permissions policy. See https://github.com/w3c/webappsec-permissions-policy/blob/master/features.md#sensor-features @ https://idam.metro.ro/MSbVtf/Gt1/g0o/hDNPzBsN/7DE7JLh3iYXYNGSOXu/fiIGKFw/chY2XmpI/Kn0B:0
[   76969ms] [ERROR] Permissions policy violation: accelerometer is not allowed in this document. @ https://idam.metro.ro/MSbVtf/Gt1/g0o/hDNPzBsN/7DE7JLh3iYXYNGSOXu/fiIGKFw/chY2XmpI/Kn0B:0
[   76969ms] [WARNING] The devicemotion events are blocked by permissions policy. See https://github.com/w3c/webappsec-permissions-policy/blob/master/features.md#sensor-features @ https://idam.metro.ro/MSbVtf/Gt1/g0o/hDNPzBsN/7DE7JLh3iYXYNGSOXu/fiIGKFw/chY2XmpI/Kn0B:0
[   77075ms] [ERROR] Permissions policy violation: accelerometer is not allowed in this document. @ https://idam.metro.ro/MSbVtf/Gt1/g0o/hDNPzBsN/7DE7JLh3iYXYNGSOXu/fiIGKFw/chY2XmpI/Kn0B:0
[   77075ms] [WARNING] The deviceorientation events are blocked by permissions policy. See https://github.com/w3c/webappsec-permissions-policy/blob/master/features.md#sensor-features @ https://idam.metro.ro/MSbVtf/Gt1/g0o/hDNPzBsN/7DE7JLh3iYXYNGSOXu/fiIGKFw/chY2XmpI/Kn0B:0
[   77075ms] [ERROR] Permissions policy violation: accelerometer is not allowed in this document. @ https://idam.metro.ro/MSbVtf/Gt1/g0o/hDNPzBsN/7DE7JLh3iYXYNGSOXu/fiIGKFw/chY2XmpI/Kn0B:0
[   77075ms] [WARNING] The devicemotion events are blocked by permissions policy. See https://github.com/w3c/webappsec-permissions-policy/blob/master/features.md#sensor-features @ https://idam.metro.ro/MSbVtf/Gt1/g0o/hDNPzBsN/7DE7JLh3iYXYNGSOXu/fiIGKFw/chY2XmpI/Kn0B:0
[   77964ms] [ERROR] Refused to create a worker from 'blob:https://idam.metro.ro/f1e15151-0c19-48b5-ba41-ff648a7cc978' because it violates the following Content Security Policy directive: "child-src 'self'". Note that 'worker-src' was not explicitly set, so 'child-src' is used as a fallback.
 @ https://idam.metro.ro/MSbVtf/Gt1/g0o/hDNPzBsN/7DE7JLh3iYXYNGSOXu/fiIGKFw/chY2XmpI/Kn0B:0
[   78005ms] [ERROR] Refused to create a worker from 'blob:https://idam.metro.ro/9e472e8c-c3ef-4b70-83f1-13fd48bfdb7c' because it violates the following Content Security Policy directive: "child-src 'self'". Note that 'worker-src' was not explicitly set, so 'child-src' is used as a fallback.
 @ https://idam.metro.ro/MSbVtf/Gt1/g0o/hDNPzBsN/7DE7JLh3iYXYNGSOXu/fiIGKFw/chY2XmpI/Kn0B:0
[  121078ms] [ERROR] Permissions policy violation: accelerometer is not allowed in this document. @ https://idam.metrosystems.net/Hs_fpn/w9f/s0H/7YjQJA/EL3O6pJEha7OJz7p3L/KU9gNQMC/BkoWGn/0PUjgB:0
[  121078ms] [WARNING] The deviceorientation events are blocked by permissions policy. See https://github.com/w3c/webappsec-permissions-policy/blob/master/features.md#sensor-features @ https://idam.metrosystems.net/Hs_fpn/w9f/s0H/7YjQJA/EL3O6pJEha7OJz7p3L/KU9gNQMC/BkoWGn/0PUjgB:0
[  121078ms] [ERROR] Permissions policy violation: accelerometer is not allowed in this document. @ https://idam.metrosystems.net/Hs_fpn/w9f/s0H/7YjQJA/EL3O6pJEha7OJz7p3L/KU9gNQMC/BkoWGn/0PUjgB:0
[  121078ms] [WARNING] The devicemotion events are blocked by permissions policy. See https://github.com/w3c/webappsec-permissions-policy/blob/master/features.md#sensor-features @ https://idam.metrosystems.net/Hs_fpn/w9f/s0H/7YjQJA/EL3O6pJEha7OJz7p3L/KU9gNQMC/BkoWGn/0PUjgB:0
[  121104ms] [ERROR] Refused to execute inline event handler because it violates the following Content Security Policy directive: "script-src-attr 'none'". Either the 'unsafe-inline' keyword, a hash ('sha256-...'), or a nonce ('nonce-...') is required to enable inline execution. Note that hashes do not apply to event handlers, style attributes and javascript: navigations unless the 'unsafe-hashes' keyword is present.
 @ https://noi.metro.ro/register/finalize-registration?loggedInVia=tier2and3:48
[  121148ms] [ERROR] Permissions policy violation: accelerometer is not allowed in this document. @ https://idam.metro.ro/MSbVtf/Gt1/g0o/hDNPzBsN/7DE7JLh3iYXYNGSOXu/fiIGKFw/chY2XmpI/Kn0B:0
[  121148ms] [WARNING] The deviceorientation events are blocked by permissions policy. See https://github.com/w3c/webappsec-permissions-policy/blob/master/features.md#sensor-features @ https://idam.metro.ro/MSbVtf/Gt1/g0o/hDNPzBsN/7DE7JLh3iYXYNGSOXu/fiIGKFw/chY2XmpI/Kn0B:0
[  121148ms] [ERROR] Permissions policy violation: accelerometer is not allowed in this document. @ https://idam.metro.ro/MSbVtf/Gt1/g0o/hDNPzBsN/7DE7JLh3iYXYNGSOXu/fiIGKFw/chY2XmpI/Kn0B:0
[  121148ms] [WARNING] The devicemotion events are blocked by permissions policy. See https://github.com/w3c/webappsec-permissions-policy/blob/master/features.md#sensor-features @ https://idam.metro.ro/MSbVtf/Gt1/g0o/hDNPzBsN/7DE7JLh3iYXYNGSOXu/fiIGKFw/chY2XmpI/Kn0B:0
[  122114ms] [ERROR] Refused to create a worker from 'blob:https://idam.metrosystems.net/6fc480a3-9934-4ac8-86db-6f78fbeff231' because it violates the following Content Security Policy directive: "child-src 'self'". Note that 'worker-src' was not explicitly set, so 'child-src' is used as a fallback.
 @ https://idam.metrosystems.net/Hs_fpn/w9f/s0H/7YjQJA/EL3O6pJEha7OJz7p3L/KU9gNQMC/BkoWGn/0PUjgB:0
